<?xml version="1.0" encoding="UTF-8"?>
<testsuite xmlns:xsi="http://www.w3.org/2001/XMLSchema-instance" xsi:noNamespaceSchemaLocation="https://maven.apache.org/surefire/maven-surefire-plugin/xsd/surefire-test-report.xsd" version="3.0.2" name="AuthControllerTest" time="1.53" tests="5" errors="3" skipped="0" failures="0">
  <properties>
    <property name="java.specification.version" value="22"/>
    <property name="sun.cpu.isalist" value="amd64"/>
    <property name="sun.jnu.encoding" value="Cp1252"/>
    <property name="java.class.path" value="C:\Users\ricar\OneDrive\Escritorio\IETI LAB\Servicios Web RESTfil con Java y Spring Boot (Backend)\Módulo 5\IETI_UnitTests\target\test-classes;C:\Users\ricar\OneDrive\Escritorio\IETI LAB\Servicios Web RESTfil con Java y Spring Boot (Backend)\Módulo 5\IETI_UnitTests\target\classes;C:\Users\ricar\.m2\repository\org\springframework\boot\spring-boot-starter-test\3.5.0-SNAPSHOT\spring-boot-starter-test-3.5.0-SNAPSHOT.jar;C:\Users\ricar\.m2\repository\org\springframework\boot\spring-boot-starter\3.5.0-SNAPSHOT\spring-boot-starter-3.5.0-SNAPSHOT.jar;C:\Users\ricar\.m2\repository\org\springframework\boot\spring-boot\3.5.0-SNAPSHOT\spring-boot-3.5.0-SNAPSHOT.jar;C:\Users\ricar\.m2\repository\org\springframework\boot\spring-boot-autoconfigure\3.5.0-SNAPSHOT\spring-boot-autoconfigure-3.5.0-SNAPSHOT.jar;C:\Users\ricar\.m2\repository\org\springframework\boot\spring-boot-starter-logging\3.5.0-SNAPSHOT\spring-boot-starter-logging-3.5.0-SNAPSHOT.jar;C:\Users\ricar\.m2\repository\ch\qos\logback\logback-classic\1.5.16\logback-classic-1.5.16.jar;C:\Users\ricar\.m2\repository\ch\qos\logback\logback-core\1.5.16\logback-core-1.5.16.jar;C:\Users\ricar\.m2\repository\org\apache\logging\log4j\log4j-to-slf4j\2.24.3\log4j-to-slf4j-2.24.3.jar;C:\Users\ricar\.m2\repository\org\apache\logging\log4j\log4j-api\2.24.3\log4j-api-2.24.3.jar;C:\Users\ricar\.m2\repository\org\slf4j\jul-to-slf4j\2.0.16\jul-to-slf4j-2.0.16.jar;C:\Users\ricar\.m2\repository\jakarta\annotation\jakarta.annotation-api\2.1.1\jakarta.annotation-api-2.1.1.jar;C:\Users\ricar\.m2\repository\org\yaml\snakeyaml\2.3\snakeyaml-2.3.jar;C:\Users\ricar\.m2\repository\org\springframework\boot\spring-boot-test\3.5.0-SNAPSHOT\spring-boot-test-3.5.0-SNAPSHOT.jar;C:\Users\ricar\.m2\repository\org\springframework\boot\spring-boot-test-autoconfigure\3.5.0-SNAPSHOT\spring-boot-test-autoconfigure-3.5.0-SNAPSHOT.jar;C:\Users\ricar\.m2\repository\com\jayway\jsonpath\json-path\2.9.0\json-path-2.9.0.jar;C:\Users\ricar\.m2\repository\org\slf4j\slf4j-api\2.0.16\slf4j-api-2.0.16.jar;C:\Users\ricar\.m2\repository\jakarta\xml\bind\jakarta.xml.bind-api\4.0.2\jakarta.xml.bind-api-4.0.2.jar;C:\Users\ricar\.m2\repository\jakarta\activation\jakarta.activation-api\2.1.3\jakarta.activation-api-2.1.3.jar;C:\Users\ricar\.m2\repository\net\minidev\json-smart\2.5.2\json-smart-2.5.2.jar;C:\Users\ricar\.m2\repository\net\minidev\accessors-smart\2.5.2\accessors-smart-2.5.2.jar;C:\Users\ricar\.m2\repository\org\ow2\asm\asm\9.7.1\asm-9.7.1.jar;C:\Users\ricar\.m2\repository\org\assertj\assertj-core\3.27.3\assertj-core-3.27.3.jar;C:\Users\ricar\.m2\repository\net\bytebuddy\byte-buddy\1.17.1\byte-buddy-1.17.1.jar;C:\Users\ricar\.m2\repository\org\awaitility\awaitility\4.2.2\awaitility-4.2.2.jar;C:\Users\ricar\.m2\repository\org\hamcrest\hamcrest\3.0\hamcrest-3.0.jar;C:\Users\ricar\.m2\repository\org\junit\jupiter\junit-jupiter\5.11.4\junit-jupiter-5.11.4.jar;C:\Users\ricar\.m2\repository\org\junit\jupiter\junit-jupiter-api\5.11.4\junit-jupiter-api-5.11.4.jar;C:\Users\ricar\.m2\repository\org\opentest4j\opentest4j\1.3.0\opentest4j-1.3.0.jar;C:\Users\ricar\.m2\repository\org\junit\platform\junit-platform-commons\1.11.4\junit-platform-commons-1.11.4.jar;C:\Users\ricar\.m2\repository\org\apiguardian\apiguardian-api\1.1.2\apiguardian-api-1.1.2.jar;C:\Users\ricar\.m2\repository\org\junit\jupiter\junit-jupiter-params\5.11.4\junit-jupiter-params-5.11.4.jar;C:\Users\ricar\.m2\repository\org\junit\jupiter\junit-jupiter-engine\5.11.4\junit-jupiter-engine-5.11.4.jar;C:\Users\ricar\.m2\repository\org\junit\platform\junit-platform-engine\1.11.4\junit-platform-engine-1.11.4.jar;C:\Users\ricar\.m2\repository\org\mockito\mockito-core\5.15.2\mockito-core-5.15.2.jar;C:\Users\ricar\.m2\repository\net\bytebuddy\byte-buddy-agent\1.17.1\byte-buddy-agent-1.17.1.jar;C:\Users\ricar\.m2\repository\org\objenesis\objenesis\3.3\objenesis-3.3.jar;C:\Users\ricar\.m2\repository\org\mockito\mockito-junit-jupiter\5.15.2\mockito-junit-jupiter-5.15.2.jar;C:\Users\ricar\.m2\repository\org\skyscreamer\jsonassert\1.5.3\jsonassert-1.5.3.jar;C:\Users\ricar\.m2\repository\com\vaadin\external\google\android-json\0.0.20131108.vaadin1\android-json-0.0.20131108.vaadin1.jar;C:\Users\ricar\.m2\repository\org\springframework\spring-core\6.2.3\spring-core-6.2.3.jar;C:\Users\ricar\.m2\repository\org\springframework\spring-jcl\6.2.3\spring-jcl-6.2.3.jar;C:\Users\ricar\.m2\repository\org\springframework\spring-test\6.2.3\spring-test-6.2.3.jar;C:\Users\ricar\.m2\repository\org\xmlunit\xmlunit-core\2.10.0\xmlunit-core-2.10.0.jar;C:\Users\ricar\.m2\repository\org\springframework\boot\spring-boot-starter-web\3.5.0-SNAPSHOT\spring-boot-starter-web-3.5.0-SNAPSHOT.jar;C:\Users\ricar\.m2\repository\org\springframework\boot\spring-boot-starter-json\3.5.0-SNAPSHOT\spring-boot-starter-json-3.5.0-SNAPSHOT.jar;C:\Users\ricar\.m2\repository\com\fasterxml\jackson\datatype\jackson-datatype-jdk8\2.18.2\jackson-datatype-jdk8-2.18.2.jar;C:\Users\ricar\.m2\repository\com\fasterxml\jackson\datatype\jackson-datatype-jsr310\2.18.2\jackson-datatype-jsr310-2.18.2.jar;C:\Users\ricar\.m2\repository\com\fasterxml\jackson\module\jackson-module-parameter-names\2.18.2\jackson-module-parameter-names-2.18.2.jar;C:\Users\ricar\.m2\repository\org\springframework\boot\spring-boot-starter-tomcat\3.5.0-SNAPSHOT\spring-boot-starter-tomcat-3.5.0-SNAPSHOT.jar;C:\Users\ricar\.m2\repository\org\apache\tomcat\embed\tomcat-embed-core\10.1.34\tomcat-embed-core-10.1.34.jar;C:\Users\ricar\.m2\repository\org\apache\tomcat\embed\tomcat-embed-el\10.1.34\tomcat-embed-el-10.1.34.jar;C:\Users\ricar\.m2\repository\org\apache\tomcat\embed\tomcat-embed-websocket\10.1.34\tomcat-embed-websocket-10.1.34.jar;C:\Users\ricar\.m2\repository\org\springframework\spring-web\6.2.3\spring-web-6.2.3.jar;C:\Users\ricar\.m2\repository\org\springframework\spring-beans\6.2.3\spring-beans-6.2.3.jar;C:\Users\ricar\.m2\repository\io\micrometer\micrometer-observation\1.15.0-M2\micrometer-observation-1.15.0-M2.jar;C:\Users\ricar\.m2\repository\io\micrometer\micrometer-commons\1.15.0-M2\micrometer-commons-1.15.0-M2.jar;C:\Users\ricar\.m2\repository\org\springframework\spring-webmvc\6.2.3\spring-webmvc-6.2.3.jar;C:\Users\ricar\.m2\repository\org\springframework\spring-context\6.2.3\spring-context-6.2.3.jar;C:\Users\ricar\.m2\repository\org\springframework\spring-expression\6.2.3\spring-expression-6.2.3.jar;C:\Users\ricar\.m2\repository\org\springframework\boot\spring-boot-starter-security\3.5.0-SNAPSHOT\spring-boot-starter-security-3.5.0-SNAPSHOT.jar;C:\Users\ricar\.m2\repository\org\springframework\spring-aop\6.2.3\spring-aop-6.2.3.jar;C:\Users\ricar\.m2\repository\org\springframework\security\spring-security-config\6.5.0-SNAPSHOT\spring-security-config-6.5.0-SNAPSHOT.jar;C:\Users\ricar\.m2\repository\org\springframework\security\spring-security-core\6.5.0-SNAPSHOT\spring-security-core-6.5.0-SNAPSHOT.jar;C:\Users\ricar\.m2\repository\org\springframework\security\spring-security-web\6.5.0-SNAPSHOT\spring-security-web-6.5.0-SNAPSHOT.jar;C:\Users\ricar\.m2\repository\org\springframework\boot\spring-boot-starter-data-mongodb\3.5.0-SNAPSHOT\spring-boot-starter-data-mongodb-3.5.0-SNAPSHOT.jar;C:\Users\ricar\.m2\repository\org\mongodb\mongodb-driver-sync\5.3.1\mongodb-driver-sync-5.3.1.jar;C:\Users\ricar\.m2\repository\org\mongodb\bson\5.3.1\bson-5.3.1.jar;C:\Users\ricar\.m2\repository\org\mongodb\mongodb-driver-core\5.3.1\mongodb-driver-core-5.3.1.jar;C:\Users\ricar\.m2\repository\org\mongodb\bson-record-codec\5.3.1\bson-record-codec-5.3.1.jar;C:\Users\ricar\.m2\repository\org\springframework\data\spring-data-mongodb\4.5.0-M1\spring-data-mongodb-4.5.0-M1.jar;C:\Users\ricar\.m2\repository\org\springframework\spring-tx\6.2.3\spring-tx-6.2.3.jar;C:\Users\ricar\.m2\repository\org\springframework\data\spring-data-commons\3.5.0-M1\spring-data-commons-3.5.0-M1.jar;C:\Users\ricar\.m2\repository\io\jsonwebtoken\jjwt-api\0.11.5\jjwt-api-0.11.5.jar;C:\Users\ricar\.m2\repository\io\jsonwebtoken\jjwt-impl\0.11.5\jjwt-impl-0.11.5.jar;C:\Users\ricar\.m2\repository\io\jsonwebtoken\jjwt-jackson\0.11.5\jjwt-jackson-0.11.5.jar;C:\Users\ricar\.m2\repository\com\fasterxml\jackson\core\jackson-databind\2.18.2\jackson-databind-2.18.2.jar;C:\Users\ricar\.m2\repository\com\fasterxml\jackson\core\jackson-annotations\2.18.2\jackson-annotations-2.18.2.jar;C:\Users\ricar\.m2\repository\com\fasterxml\jackson\core\jackson-core\2.18.2\jackson-core-2.18.2.jar;C:\Users\ricar\.m2\repository\me\paulschwarz\spring-dotenv\3.0.0\spring-dotenv-3.0.0.jar;C:\Users\ricar\.m2\repository\io\github\cdimascio\dotenv-java\2.2.4\dotenv-java-2.2.4.jar;C:\Users\ricar\.m2\repository\org\projectlombok\lombok\1.18.36\lombok-1.18.36.jar;C:\Users\ricar\.m2\repository\org\springframework\security\spring-security-crypto\6.5.0-SNAPSHOT\spring-security-crypto-6.5.0-SNAPSHOT.jar;"/>
    <property name="java.vm.vendor" value="Oracle Corporation"/>
    <property name="sun.arch.data.model" value="64"/>
    <property name="user.variant" value=""/>
    <property name="java.vendor.url" value="https://java.oracle.com/"/>
    <property name="user.timezone" value="America/Bogota"/>
    <property name="os.name" value="Windows 11"/>
    <property name="java.vm.specification.version" value="22"/>
    <property name="sun.java.launcher" value="SUN_STANDARD"/>
    <property name="user.country" value="CO"/>
    <property name="sun.boot.library.path" value="C:\Program Files\Java\jdk-22\bin"/>
    <property name="sun.java.command" value="C:\Users\ricar\AppData\Local\Temp\surefire13254484069487435376\surefirebooter-20250217184833581_3.jar C:\Users\ricar\AppData\Local\Temp\surefire13254484069487435376 2025-02-17T18-48-33_409-jvmRun1 surefire-20250217184833581_1tmp surefire_0-20250217184833581_2tmp"/>
    <property name="jdk.debug" value="release"/>
    <property name="surefire.test.class.path" value="C:\Users\ricar\OneDrive\Escritorio\IETI LAB\Servicios Web RESTfil con Java y Spring Boot (Backend)\Módulo 5\IETI_UnitTests\target\test-classes;C:\Users\ricar\OneDrive\Escritorio\IETI LAB\Servicios Web RESTfil con Java y Spring Boot (Backend)\Módulo 5\IETI_UnitTests\target\classes;C:\Users\ricar\.m2\repository\org\springframework\boot\spring-boot-starter-test\3.5.0-SNAPSHOT\spring-boot-starter-test-3.5.0-SNAPSHOT.jar;C:\Users\ricar\.m2\repository\org\springframework\boot\spring-boot-starter\3.5.0-SNAPSHOT\spring-boot-starter-3.5.0-SNAPSHOT.jar;C:\Users\ricar\.m2\repository\org\springframework\boot\spring-boot\3.5.0-SNAPSHOT\spring-boot-3.5.0-SNAPSHOT.jar;C:\Users\ricar\.m2\repository\org\springframework\boot\spring-boot-autoconfigure\3.5.0-SNAPSHOT\spring-boot-autoconfigure-3.5.0-SNAPSHOT.jar;C:\Users\ricar\.m2\repository\org\springframework\boot\spring-boot-starter-logging\3.5.0-SNAPSHOT\spring-boot-starter-logging-3.5.0-SNAPSHOT.jar;C:\Users\ricar\.m2\repository\ch\qos\logback\logback-classic\1.5.16\logback-classic-1.5.16.jar;C:\Users\ricar\.m2\repository\ch\qos\logback\logback-core\1.5.16\logback-core-1.5.16.jar;C:\Users\ricar\.m2\repository\org\apache\logging\log4j\log4j-to-slf4j\2.24.3\log4j-to-slf4j-2.24.3.jar;C:\Users\ricar\.m2\repository\org\apache\logging\log4j\log4j-api\2.24.3\log4j-api-2.24.3.jar;C:\Users\ricar\.m2\repository\org\slf4j\jul-to-slf4j\2.0.16\jul-to-slf4j-2.0.16.jar;C:\Users\ricar\.m2\repository\jakarta\annotation\jakarta.annotation-api\2.1.1\jakarta.annotation-api-2.1.1.jar;C:\Users\ricar\.m2\repository\org\yaml\snakeyaml\2.3\snakeyaml-2.3.jar;C:\Users\ricar\.m2\repository\org\springframework\boot\spring-boot-test\3.5.0-SNAPSHOT\spring-boot-test-3.5.0-SNAPSHOT.jar;C:\Users\ricar\.m2\repository\org\springframework\boot\spring-boot-test-autoconfigure\3.5.0-SNAPSHOT\spring-boot-test-autoconfigure-3.5.0-SNAPSHOT.jar;C:\Users\ricar\.m2\repository\com\jayway\jsonpath\json-path\2.9.0\json-path-2.9.0.jar;C:\Users\ricar\.m2\repository\org\slf4j\slf4j-api\2.0.16\slf4j-api-2.0.16.jar;C:\Users\ricar\.m2\repository\jakarta\xml\bind\jakarta.xml.bind-api\4.0.2\jakarta.xml.bind-api-4.0.2.jar;C:\Users\ricar\.m2\repository\jakarta\activation\jakarta.activation-api\2.1.3\jakarta.activation-api-2.1.3.jar;C:\Users\ricar\.m2\repository\net\minidev\json-smart\2.5.2\json-smart-2.5.2.jar;C:\Users\ricar\.m2\repository\net\minidev\accessors-smart\2.5.2\accessors-smart-2.5.2.jar;C:\Users\ricar\.m2\repository\org\ow2\asm\asm\9.7.1\asm-9.7.1.jar;C:\Users\ricar\.m2\repository\org\assertj\assertj-core\3.27.3\assertj-core-3.27.3.jar;C:\Users\ricar\.m2\repository\net\bytebuddy\byte-buddy\1.17.1\byte-buddy-1.17.1.jar;C:\Users\ricar\.m2\repository\org\awaitility\awaitility\4.2.2\awaitility-4.2.2.jar;C:\Users\ricar\.m2\repository\org\hamcrest\hamcrest\3.0\hamcrest-3.0.jar;C:\Users\ricar\.m2\repository\org\junit\jupiter\junit-jupiter\5.11.4\junit-jupiter-5.11.4.jar;C:\Users\ricar\.m2\repository\org\junit\jupiter\junit-jupiter-api\5.11.4\junit-jupiter-api-5.11.4.jar;C:\Users\ricar\.m2\repository\org\opentest4j\opentest4j\1.3.0\opentest4j-1.3.0.jar;C:\Users\ricar\.m2\repository\org\junit\platform\junit-platform-commons\1.11.4\junit-platform-commons-1.11.4.jar;C:\Users\ricar\.m2\repository\org\apiguardian\apiguardian-api\1.1.2\apiguardian-api-1.1.2.jar;C:\Users\ricar\.m2\repository\org\junit\jupiter\junit-jupiter-params\5.11.4\junit-jupiter-params-5.11.4.jar;C:\Users\ricar\.m2\repository\org\junit\jupiter\junit-jupiter-engine\5.11.4\junit-jupiter-engine-5.11.4.jar;C:\Users\ricar\.m2\repository\org\junit\platform\junit-platform-engine\1.11.4\junit-platform-engine-1.11.4.jar;C:\Users\ricar\.m2\repository\org\mockito\mockito-core\5.15.2\mockito-core-5.15.2.jar;C:\Users\ricar\.m2\repository\net\bytebuddy\byte-buddy-agent\1.17.1\byte-buddy-agent-1.17.1.jar;C:\Users\ricar\.m2\repository\org\objenesis\objenesis\3.3\objenesis-3.3.jar;C:\Users\ricar\.m2\repository\org\mockito\mockito-junit-jupiter\5.15.2\mockito-junit-jupiter-5.15.2.jar;C:\Users\ricar\.m2\repository\org\skyscreamer\jsonassert\1.5.3\jsonassert-1.5.3.jar;C:\Users\ricar\.m2\repository\com\vaadin\external\google\android-json\0.0.20131108.vaadin1\android-json-0.0.20131108.vaadin1.jar;C:\Users\ricar\.m2\repository\org\springframework\spring-core\6.2.3\spring-core-6.2.3.jar;C:\Users\ricar\.m2\repository\org\springframework\spring-jcl\6.2.3\spring-jcl-6.2.3.jar;C:\Users\ricar\.m2\repository\org\springframework\spring-test\6.2.3\spring-test-6.2.3.jar;C:\Users\ricar\.m2\repository\org\xmlunit\xmlunit-core\2.10.0\xmlunit-core-2.10.0.jar;C:\Users\ricar\.m2\repository\org\springframework\boot\spring-boot-starter-web\3.5.0-SNAPSHOT\spring-boot-starter-web-3.5.0-SNAPSHOT.jar;C:\Users\ricar\.m2\repository\org\springframework\boot\spring-boot-starter-json\3.5.0-SNAPSHOT\spring-boot-starter-json-3.5.0-SNAPSHOT.jar;C:\Users\ricar\.m2\repository\com\fasterxml\jackson\datatype\jackson-datatype-jdk8\2.18.2\jackson-datatype-jdk8-2.18.2.jar;C:\Users\ricar\.m2\repository\com\fasterxml\jackson\datatype\jackson-datatype-jsr310\2.18.2\jackson-datatype-jsr310-2.18.2.jar;C:\Users\ricar\.m2\repository\com\fasterxml\jackson\module\jackson-module-parameter-names\2.18.2\jackson-module-parameter-names-2.18.2.jar;C:\Users\ricar\.m2\repository\org\springframework\boot\spring-boot-starter-tomcat\3.5.0-SNAPSHOT\spring-boot-starter-tomcat-3.5.0-SNAPSHOT.jar;C:\Users\ricar\.m2\repository\org\apache\tomcat\embed\tomcat-embed-core\10.1.34\tomcat-embed-core-10.1.34.jar;C:\Users\ricar\.m2\repository\org\apache\tomcat\embed\tomcat-embed-el\10.1.34\tomcat-embed-el-10.1.34.jar;C:\Users\ricar\.m2\repository\org\apache\tomcat\embed\tomcat-embed-websocket\10.1.34\tomcat-embed-websocket-10.1.34.jar;C:\Users\ricar\.m2\repository\org\springframework\spring-web\6.2.3\spring-web-6.2.3.jar;C:\Users\ricar\.m2\repository\org\springframework\spring-beans\6.2.3\spring-beans-6.2.3.jar;C:\Users\ricar\.m2\repository\io\micrometer\micrometer-observation\1.15.0-M2\micrometer-observation-1.15.0-M2.jar;C:\Users\ricar\.m2\repository\io\micrometer\micrometer-commons\1.15.0-M2\micrometer-commons-1.15.0-M2.jar;C:\Users\ricar\.m2\repository\org\springframework\spring-webmvc\6.2.3\spring-webmvc-6.2.3.jar;C:\Users\ricar\.m2\repository\org\springframework\spring-context\6.2.3\spring-context-6.2.3.jar;C:\Users\ricar\.m2\repository\org\springframework\spring-expression\6.2.3\spring-expression-6.2.3.jar;C:\Users\ricar\.m2\repository\org\springframework\boot\spring-boot-starter-security\3.5.0-SNAPSHOT\spring-boot-starter-security-3.5.0-SNAPSHOT.jar;C:\Users\ricar\.m2\repository\org\springframework\spring-aop\6.2.3\spring-aop-6.2.3.jar;C:\Users\ricar\.m2\repository\org\springframework\security\spring-security-config\6.5.0-SNAPSHOT\spring-security-config-6.5.0-SNAPSHOT.jar;C:\Users\ricar\.m2\repository\org\springframework\security\spring-security-core\6.5.0-SNAPSHOT\spring-security-core-6.5.0-SNAPSHOT.jar;C:\Users\ricar\.m2\repository\org\springframework\security\spring-security-web\6.5.0-SNAPSHOT\spring-security-web-6.5.0-SNAPSHOT.jar;C:\Users\ricar\.m2\repository\org\springframework\boot\spring-boot-starter-data-mongodb\3.5.0-SNAPSHOT\spring-boot-starter-data-mongodb-3.5.0-SNAPSHOT.jar;C:\Users\ricar\.m2\repository\org\mongodb\mongodb-driver-sync\5.3.1\mongodb-driver-sync-5.3.1.jar;C:\Users\ricar\.m2\repository\org\mongodb\bson\5.3.1\bson-5.3.1.jar;C:\Users\ricar\.m2\repository\org\mongodb\mongodb-driver-core\5.3.1\mongodb-driver-core-5.3.1.jar;C:\Users\ricar\.m2\repository\org\mongodb\bson-record-codec\5.3.1\bson-record-codec-5.3.1.jar;C:\Users\ricar\.m2\repository\org\springframework\data\spring-data-mongodb\4.5.0-M1\spring-data-mongodb-4.5.0-M1.jar;C:\Users\ricar\.m2\repository\org\springframework\spring-tx\6.2.3\spring-tx-6.2.3.jar;C:\Users\ricar\.m2\repository\org\springframework\data\spring-data-commons\3.5.0-M1\spring-data-commons-3.5.0-M1.jar;C:\Users\ricar\.m2\repository\io\jsonwebtoken\jjwt-api\0.11.5\jjwt-api-0.11.5.jar;C:\Users\ricar\.m2\repository\io\jsonwebtoken\jjwt-impl\0.11.5\jjwt-impl-0.11.5.jar;C:\Users\ricar\.m2\repository\io\jsonwebtoken\jjwt-jackson\0.11.5\jjwt-jackson-0.11.5.jar;C:\Users\ricar\.m2\repository\com\fasterxml\jackson\core\jackson-databind\2.18.2\jackson-databind-2.18.2.jar;C:\Users\ricar\.m2\repository\com\fasterxml\jackson\core\jackson-annotations\2.18.2\jackson-annotations-2.18.2.jar;C:\Users\ricar\.m2\repository\com\fasterxml\jackson\core\jackson-core\2.18.2\jackson-core-2.18.2.jar;C:\Users\ricar\.m2\repository\me\paulschwarz\spring-dotenv\3.0.0\spring-dotenv-3.0.0.jar;C:\Users\ricar\.m2\repository\io\github\cdimascio\dotenv-java\2.2.4\dotenv-java-2.2.4.jar;C:\Users\ricar\.m2\repository\org\projectlombok\lombok\1.18.36\lombok-1.18.36.jar;C:\Users\ricar\.m2\repository\org\springframework\security\spring-security-crypto\6.5.0-SNAPSHOT\spring-security-crypto-6.5.0-SNAPSHOT.jar;"/>
    <property name="sun.cpu.endian" value="little"/>
    <property name="user.home" value="C:\Users\ricar"/>
    <property name="user.language" value="es"/>
    <property name="java.specification.vendor" value="Oracle Corporation"/>
    <property name="java.version.date" value="2024-07-16"/>
    <property name="java.home" value="C:\Program Files\Java\jdk-22"/>
    <property name="file.separator" value="\"/>
    <property name="basedir" value="C:\Users\ricar\OneDrive\Escritorio\IETI LAB\Servicios Web RESTfil con Java y Spring Boot (Backend)\Módulo 5\IETI_UnitTests"/>
    <property name="java.vm.compressedOopsMode" value="Zero based"/>
    <property name="line.separator" value="&#10;"/>
    <property name="java.vm.specification.vendor" value="Oracle Corporation"/>
    <property name="java.specification.name" value="Java Platform API Specification"/>
    <property name="surefire.real.class.path" value="C:\Users\ricar\AppData\Local\Temp\surefire13254484069487435376\surefirebooter-20250217184833581_3.jar"/>
    <property name="user.script" value=""/>
    <property name="sun.management.compiler" value="HotSpot 64-Bit Tiered Compilers"/>
    <property name="java.runtime.version" value="22.0.2+9-70"/>
    <property name="user.name" value="ricar"/>
    <property name="stdout.encoding" value="Cp1252"/>
    <property name="path.separator" value=";"/>
    <property name="os.version" value="10.0"/>
    <property name="java.runtime.name" value="Java(TM) SE Runtime Environment"/>
    <property name="file.encoding" value="UTF-8"/>
    <property name="java.vm.name" value="Java HotSpot(TM) 64-Bit Server VM"/>
    <property name="localRepository" value="C:\Users\ricar\.m2\repository"/>
    <property name="java.vendor.url.bug" value="https://bugreport.java.com/bugreport/"/>
    <property name="java.io.tmpdir" value="C:\Users\ricar\AppData\Local\Temp\"/>
    <property name="java.version" value="22.0.2"/>
    <property name="user.dir" value="C:\Users\ricar\OneDrive\Escritorio\IETI LAB\Servicios Web RESTfil con Java y Spring Boot (Backend)\Módulo 5\IETI_UnitTests"/>
    <property name="os.arch" value="amd64"/>
    <property name="java.vm.specification.name" value="Java Virtual Machine Specification"/>
    <property name="sun.os.patch.level" value=""/>
    <property name="native.encoding" value="Cp1252"/>
    <property name="java.library.path" value="C:\Program Files\Java\jdk-22\bin;C:\WINDOWS\Sun\Java\bin;C:\WINDOWS\system32;C:\WINDOWS;C:\Program Files\Git\mingw64\bin;C:\Program Files\Git\usr\bin;C:\Users\ricar\bin;C:\Program Files\Common Files\Oracle\Java\javapath;C:\Program Files (x86)\Common Files\Oracle\Java\java8path;C:\Program Files (x86)\Common Files\Oracle\Java\javapath;C:\Python312\Scripts;C:\Python312;C:\Program Files (x86)\VMware\VMware Player\bin;C:\Windows\system32;C:\Windows;C:\Windows\System32\Wbem;C:\Windows\System32\WindowsPowerShell\v1.0;C:\Windows\System32\OpenSSH;C:\Program Files (x86)\NVIDIA Corporation\PhysX\Common;C:\Program Files\NVIDIA Corporation\NVIDIA NvDLISR;C:\WINDOWS\system32;C:\WINDOWS;C:\WINDOWS\System32\Wbem;C:\WINDOWS\System32\WindowsPowerShell\v1.0;C:\WINDOWS\System32\OpenSSH;C:\Program Files\Git\cmd;C:\Program Files\Maven\apache-maven-3.9.6\bin;C:\Program Files\Java\jdk-21\bin;C:\Program Files\Maven\apache-maven-3.9.6\bin;C:\Program Files\Calibre2;C:\Program Files\dotnet;C:\Program Files (x86)\dotnet;C:\Program Files\Microsoft SQL Server\Client SDK\ODBC\130\Tools\Binn;C:\Program Files (x86)\Microsoft SQL Server\140\Tools\Binn;C:\Program Files\Microsoft SQL Server\140\Tools\Binn;C:\Program Files\Microsoft SQL Server\140\DTS\Binn;C:\Program Files\PuTTY;C:\Program Files\Docker\Docker\resources\bin;C:\Program Files\nodejs;C:\ProgramData\chocolatey\bin;C:\Users\ricar\AppData\Local\Microsoft\WindowsApps;C:\Users\ricar\AppData\Local\Programs\Microsoft VS Code\bin;C:\Users\ricar\AppData\Roaming\npm;."/>
    <property name="java.vm.info" value="mixed mode, sharing"/>
    <property name="stderr.encoding" value="Cp1252"/>
    <property name="java.vendor" value="Oracle Corporation"/>
    <property name="java.vm.version" value="22.0.2+9-70"/>
    <property name="sun.io.unicode.encoding" value="UnicodeLittle"/>
    <property name="java.class.version" value="66.0"/>
  </properties>
  <testcase name="testLoginMissingCredentials" classname="AuthControllerTest" time="1.38">
    <error message="Cannot invoke &quot;org.springframework.security.core.userdetails.UserDetails.getPassword()&quot; because &quot;userDetails&quot; is null" type="java.lang.NullPointerException"><![CDATA[java.lang.NullPointerException: Cannot invoke "org.springframework.security.core.userdetails.UserDetails.getPassword()" because "userDetails" is null
	at com.edu.eci.controller.AuthController.login(AuthController.java:41)
	at AuthControllerTest.testLoginMissingCredentials(AuthControllerTest.java:94)
	at java.base/java.lang.reflect.Method.invoke(Method.java:580)
	at java.base/java.util.ArrayList.forEach(ArrayList.java:1597)
	at java.base/java.util.ArrayList.forEach(ArrayList.java:1597)
]]></error>
    <system-out><![CDATA[Intentando autenticar usuario: testuser
Contraseña ingresada: null
]]></system-out>
    <system-err><![CDATA[Mockito is currently self-attaching to enable the inline-mock-maker. This will no longer work in future releases of the JDK. Please add Mockito as an agent to your build as described in Mockito's documentation: https://javadoc.io/doc/org.mockito/mockito-core/latest/org/mockito/Mockito.html#0.3
WARNING: A Java agent has been loaded dynamically (C:\Users\ricar\.m2\repository\net\bytebuddy\byte-buddy-agent\1.17.1\byte-buddy-agent-1.17.1.jar)
WARNING: If a serviceability tool is in use, please run with -XX:+EnableDynamicAgentLoading to hide this warning
WARNING: If a serviceability tool is not in use, please run with -Djdk.instrument.traceUsage for more information
WARNING: Dynamic loading of agents will be disallowed by default in a future release
]]></system-err>
  </testcase>
  <testcase name="testLoginSuccess" classname="AuthControllerTest" time="0.094">
    <system-out><![CDATA[Intentando autenticar usuario: testuser
Contraseña ingresada: password123
Contraseña almacenada en DB: null
]]></system-out>
  </testcase>
  <testcase name="testLoginUserNotFound" classname="AuthControllerTest" time="0.006">
    <error message="Cannot invoke &quot;org.springframework.security.core.userdetails.UserDetails.getPassword()&quot; because &quot;userDetails&quot; is null" type="java.lang.NullPointerException"><![CDATA[java.lang.NullPointerException: Cannot invoke "org.springframework.security.core.userdetails.UserDetails.getPassword()" because "userDetails" is null
	at com.edu.eci.controller.AuthController.login(AuthController.java:41)
	at AuthControllerTest.testLoginUserNotFound(AuthControllerTest.java:123)
	at java.base/java.lang.reflect.Method.invoke(Method.java:580)
	at java.base/java.util.ArrayList.forEach(ArrayList.java:1597)
	at java.base/java.util.ArrayList.forEach(ArrayList.java:1597)
]]></error>
    <system-out><![CDATA[Intentando autenticar usuario: testuser
Contraseña ingresada: password123
]]></system-out>
  </testcase>
  <testcase name="testLoginNullRequest" classname="AuthControllerTest" time="0.005">
    <error message="Cannot invoke &quot;java.util.Map.get(Object)&quot; because &quot;request&quot; is null" type="java.lang.NullPointerException"><![CDATA[java.lang.NullPointerException: Cannot invoke "java.util.Map.get(Object)" because "request" is null
	at com.edu.eci.controller.AuthController.login(AuthController.java:32)
	at AuthControllerTest.testLoginNullRequest(AuthControllerTest.java:104)
	at java.base/java.lang.reflect.Method.invoke(Method.java:580)
	at java.base/java.util.ArrayList.forEach(ArrayList.java:1597)
	at java.base/java.util.ArrayList.forEach(ArrayList.java:1597)
]]></error>
  </testcase>
  <testcase name="testLoginInvalidCredentials" classname="AuthControllerTest" time="0.008">
    <system-out><![CDATA[Intentando autenticar usuario: testuser
Contraseña ingresada: password123
]]></system-out>
  </testcase>
</testsuite>